
##### for ID  DEV-MUC3-0779
ACTUAL: BULLETS
PREDICTED: BULLETS,MACHINEGUNS


##### for ID  DEV-MUC3-0771
ACTUAL: -
PREDICTED: EXPLOSIVES,GRENADE,ROCKET,MACHINEGUNS


##### for ID  DEV-MUC3-0708
ACTUAL: -
PREDICTED: BOMBS


##### for ID  DEV-MUC3-0777
ACTUAL: -
PREDICTED: BOMB,BOMBS


##### for ID  DEV-MUC3-0945
ACTUAL: DYNAMITE
PREDICTED: DYNAMITE,BOMB


##### for ID  DEV-MUC3-0943
ACTUAL: HELICOPTER
PREDICTED: BOMB,ANTIAIRCRAFT


##### for ID  DEV-MUC3-0677
ACTUAL: -
PREDICTED: BOMB,MACHINEGUN


##### for ID  DEV-MUC3-0940
ACTUAL: -
PREDICTED: TRANSIT


##### for ID  DEV-MUC3-0948
ACTUAL: CAR
PREDICTED: BOMB


##### for ID  DEV-MUC3-0634
ACTUAL: DYNAMITE
PREDICTED: DYNAMITE,BOMB


##### for ID  DEV-MUC3-1233
ACTUAL: SUBMACHINEGUN
PREDICTED: BULLETS


##### for ID  DEV-MUC3-0987
ACTUAL: -
PREDICTED: BOMB


##### for ID  DEV-MUC3-1078
ACTUAL: A
PREDICTED: EXPLOSIVE


##### for ID  TST2-MUC4-0040
ACTUAL: -
PREDICTED: EXPLOSIVES


##### for ID  DEV-MUC3-0787
ACTUAL: -
PREDICTED: MACHINEGUNS


##### for ID  DEV-MUC3-0781
ACTUAL: -
PREDICTED: BOMB


##### for ID  DEV-MUC3-1068
ACTUAL: DYNAMITE
PREDICTED: DYNAMITE,BOMB


##### for ID  DEV-MUC3-1222
ACTUAL: -
PREDICTED: EXPLOSIVES


##### for ID  DEV-MUC3-0385
ACTUAL: -
PREDICTED: GUNS


##### for ID  DEV-MUC3-0958
ACTUAL: MORTAR
PREDICTED: -


##### for ID  DEV-MUC3-0686
ACTUAL: -
PREDICTED: MACHINEGUNS


##### for ID  DEV-MUC3-0475
ACTUAL: HELICOPTER,C-47 AIRCRAFT,ARTILLERY
PREDICTED: -


##### for ID  DEV-MUC3-0293
ACTUAL: CHARGE
PREDICTED: DYNAMITE


##### for ID  DEV-MUC3-1175
ACTUAL: -
PREDICTED: BULLETS


##### for ID  DEV-MUC3-0577
ACTUAL: -
PREDICTED: BOMB,FIREARMS,EXPLOSIVES


##### for ID  DEV-MUC3-0407
ACTUAL: ROCKET
PREDICTED: BOMB,ROCKET


##### for ID  DEV-MUC3-0258
ACTUAL: -
PREDICTED: BULLETS


##### for ID  DEV-MUC3-0807
ACTUAL: -
PREDICTED: HANDGUNS,EXPLOSIVE,MACHINEGUNS,EXPLOSIVES


##### for ID  DEV-MUC3-0160
ACTUAL: -
PREDICTED: BOMB


##### for ID  DEV-MUC3-0302
ACTUAL: -
PREDICTED: BULLETS


##### for ID  DEV-MUC3-1208
ACTUAL: -
PREDICTED: BOMBS


##### for ID  DEV-MUC3-1207
ACTUAL: EIGHT
PREDICTED: EXPLOSIVES,BOMBS


##### for ID  DEV-MUC3-1201
ACTUAL: VEHICLE
PREDICTED: EXPLOSIVES


##### for ID  TST1-MUC3-0082
ACTUAL: MINE
PREDICTED: EXPLOSIVE


##### for ID  DEV-MUC3-1206
ACTUAL: -
PREDICTED: MAGNETIC


##### for ID  DEV-MUC3-0762
ACTUAL: HEAVY
PREDICTED: BULLETS


##### for ID  DEV-MUC3-0523
ACTUAL: POWERFUL
PREDICTED: BOMBS


##### for ID  DEV-MUC3-0525
ACTUAL: -
PREDICTED: EXPLOSIVES


##### for ID  DEV-MUC3-1118
ACTUAL: DYNAMITE
PREDICTED: DYNAMITE,EXPLOSIVES,PISTOLS,GUNS,COMBING


##### for ID  DEV-MUC3-0938
ACTUAL: CAR
PREDICTED: BOMB


##### for ID  DEV-MUC3-1024
ACTUAL: -
PREDICTED: BOMBS


##### for ID  DEV-MUC3-1020
ACTUAL: 9-MM
PREDICTED: -


##### for ID  DEV-MUC3-0310
ACTUAL: FOUR
PREDICTED: BOMBS


##### for ID  DEV-MUC3-0568
ACTUAL: DYNAMITE
PREDICTED: DYNAMITE,BOMB


##### for ID  TST1-MUC3-0093
ACTUAL: -
PREDICTED: BOMB


##### for ID  DEV-MUC3-0106
ACTUAL: DYNAMITE
PREDICTED: DYNAMITE,BOMB


##### for ID  DEV-MUC3-0355
ACTUAL: -
PREDICTED: BOMB


##### for ID  DEV-MUC3-0828
ACTUAL: BOMB,MISSILES / MISSILES AND, PROBABLY, NAPALM
PREDICTED: BOMB


##### for ID  DEV-MUC3-0989
ACTUAL: -
PREDICTED: TRANSITION,WATCH


##### for ID  DEV-MUC3-0977
ACTUAL: -
PREDICTED: BOMBS


##### for ID  DEV-MUC3-1283
ACTUAL: AT
PREDICTED: BOMB,BOMBS


##### for ID  DEV-MUC3-1032
ACTUAL: BOMB,1 KG OF EXPLOSIVES MADE UP OF AMMONIUM GELIGNITE AND ANFO [AMMONIUM NITRATE- FUEL OIL] / 1 KG OF EXPLOSIVES / EXPLOSIVES
PREDICTED: BOMB


##### for ID  DEV-MUC3-0204
ACTUAL: -
PREDICTED: EXPLOSIVE


##### for ID  DEV-MUC3-0985
ACTUAL: -
PREDICTED: DETECTOR


##### for ID  DEV-MUC3-1292
ACTUAL: TERRORIST
PREDICTED: BOMBS


##### for ID  DEV-MUC3-0624
ACTUAL: -
PREDICTED: BOMBS


##### for ID  DEV-MUC3-0798
ACTUAL: -
PREDICTED: MACHINEGUNS


##### for ID  DEV-MUC3-0675
ACTUAL: -
PREDICTED: MACHINEGUNS


##### for ID  DEV-MUC3-1240
ACTUAL: -
PREDICTED: MACHINEGUN


##### for ID  DEV-MUC3-0697
ACTUAL: GRENADES
PREDICTED: -


##### for ID  DEV-MUC3-1181
ACTUAL: -
PREDICTED: BULLETS,BULLET


##### for ID  DEV-MUC3-0619
ACTUAL: BOMB
PREDICTED: EXPLOSIVE,BOMB


##### for ID  DEV-MUC3-0059
ACTUAL: GRENADES,BULLET
PREDICTED: GUNS,BULLET


##### for ID  DEV-MUC3-0399
ACTUAL: -
PREDICTED: EXPLOSIVES,CLOCK


##### for ID  DEV-MUC3-0220
ACTUAL: BOMB
PREDICTED: EXPLOSIVE,BOMB


##### for ID  DEV-MUC3-0362
ACTUAL: -
PREDICTED: INSTRUMENTS


##### for ID  DEV-MUC3-0769
ACTUAL: -
PREDICTED: BULLETS


##### for ID  DEV-MUC3-0766
ACTUAL: AK-47S,M-16S
PREDICTED: BULLETS


##### for ID  DEV-MUC3-0075
ACTUAL: BOMB,DYNAMITE AND A FUSE
PREDICTED: DYNAMITE,BULLETS,BOMB


##### for ID  DEV-MUC3-0760
ACTUAL: -
PREDICTED: BULLET


##### for ID  DEV-MUC3-0605
ACTUAL: CARBOMB
PREDICTED: BOMB


##### for ID  DEV-MUC3-0601
ACTUAL: -
PREDICTED: MACHINEGUNS,EXPLOSIVES


##### for ID  DEV-MUC3-0998
ACTUAL: -
PREDICTED: BULLET


##### for ID  DEV-MUC3-0873
ACTUAL: .22
PREDICTED: BULLETS,GUN


##### for ID  DEV-MUC3-1100
ACTUAL: ROCKETS
PREDICTED: -


##### for ID  DEV-MUC3-0592
ACTUAL: CAR
PREDICTED: BOMB


##### for ID  DEV-MUC3-1103
ACTUAL: ROCKETS
PREDICTED: -


##### for ID  DEV-MUC3-1106
ACTUAL: A
PREDICTED: BOMB


##### for ID  DEV-MUC3-1107
ACTUAL: -
PREDICTED: DYNAMITE


##### for ID  TST2-MUC4-0076
ACTUAL: INCENDIARY
PREDICTED: BOMB


##### for ID  DEV-MUC3-0955
ACTUAL: -
PREDICTED: BULLETS

