('bombs', 'NNS')
('bomb', 'VBP')
('bomb', 'NN')
('bombs', 'NNS')
('bomb', 'VBP')
('bombs', 'NNS')
('bomb', 'NN')
('dynamite', 'JJ')
('bomb', 'NN')
('dynamite', 'NN')
('dynamite', 'RB')
('explosive', 'JJ')
('explosive', 'JJ')
('machinegun', 'NN')
('dynamite', 'NN')
('bomb', 'NN')
('explosives', 'NNS')
('dynamite', 'JJ')
('bomb', 'NN')
('bomb', 'NN')
('dynamite', 'JJ')
('bomb', 'NN')
('bombs', 'NNS')
('bomb', 'NN')
('machinegun', 'NN')
('dynamite', 'NN')
('dynamite', 'NN')
('dynamite', 'NN')
('bomb', 'NN')
('bomb', 'NN')
('bombs', 'VBD')
('bomb', 'NN')
('bomb', 'NN')
('bomb', 'NN')
('bomb', 'NN')
('bomb', 'NN')
('dynamite', 'NN')
('bomb', 'NN')
('bomb', 'NN')
('machineguns', 'NNS')
('explosives', 'VBZ')
('grenade', 'VBP')
('machineguns', 'NNS')
('explosive', 'JJ')
('explosives', 'NNS')
('bomb', 'NN')
('explosives', 'NNS')
('rocket', 'VBP')
('machineguns', 'NNS')
('bomb', 'NN')
('bomb', 'NN')
('explosives', 'VBZ')
('bomb', 'NN')
('bomb', 'NN')
('bombs', 'NNS')
('explosives', 'NNS')
('bomb', 'NN')
('explosives', 'NNS')
('machineguns', 'NNS')
('bombs', 'NNS')
('bombs', 'NNS')
('grenade', 'NN')
('grenade', 'NN')
('bomb', 'NN')
('dynamite', 'NN')
('bomb', 'VBP')
('bombs', 'NNS')
('dynamite', 'NN')
('bomb', 'NN')
('bombs', 'NNS')
('bomb', 'NN')
('explosives', 'NNS')
('explosive', 'VBP')
('explosives', 'NNS')
('bomb', 'NN')
('bomb', 'NN')
('explosive', 'JJ')
('bomb', 'NN')
('dynamite', 'NN')
('bomb', 'NN')
('explosives', 'NNS')
('dynamite', 'NN')
('bomb', 'NN')
('bomb', 'NN')
('bomb', 'NN')
('bomb', 'NN')
('bombs', 'NNS')
('bomb', 'NN')
('rocket', 'NN')
('machineguns', 'NNS')
('explosives', 'NNS')
('bomb', 'NN')
('bomb', 'NN')
('bomb', 'NN')
('bombs', 'NNS')
('bombs', 'NNS')
('bomb', 'VBP')
('explosive', 'JJ')
('machineguns', 'NNS')
('bomb', 'NN')
('bomb', 'NN')
('bomb', 'NN')
('bombs', 'NNS')
('bombs', 'NNS')
('explosive', 'JJ')
('bomb', 'NN')
('bomb', 'NN')
('bomb', 'NN')
('bomb', 'NN')
('bomb', 'NN')
('explosives', 'NNS')
('bomb', 'NN')
('bomb', 'NN')
('bomb', 'NN')
('explosive', 'NN')
('bombs', 'NNS')
('bomb', 'NN')
('machineguns', 'NNS')
('machineguns', 'NNS')
('bomb', 'NN')
('bomb', 'NN')
('machineguns', 'NNS')
('explosive', 'VBP')
('bomb', 'NN')
('explosive', 'NN')
('dynamite', 'JJ')
('dynamite', 'NN')
('dynamite', 'NN')
('rocket', 'NN')
('rocket', 'NN')
('rocket', 'NN')
('bomb', 'NN')
('dynamite', 'NN')
('dynamite', 'JJ')
('grenade', 'VBP')
('explosives', 'NNS')
('explosives', 'NNS')
('dynamite', 'VBP')
('bomb', 'NN')
('bomb', 'NN')
('bomb', 'NN')
('machineguns', 'NNS')
('dynamite', 'VBP')
('dynamite', 'NN')
('bomb', 'NN')
('explosive', 'JJ')
('bombs', 'NNS')
('bombs', 'NNS')
('bombs', 'NNS')
('machineguns', 'NNS')
('bombs', 'NNS')
('bomb', 'NN')
('machinegun', 'NN')
('bomb', 'VBP')
('bomb', 'NN')
('bomb', 'NN')
('bomb', 'NN')
('bomb', 'NN')
('bombs', 'NNS')
('grenade', 'NN')
('rocket', 'NN')
('machineguns', 'NN')
('explosives', 'NNS')
('grenade', 'NN')
('grenade', 'NN')
accuracy is 75.3799392097
